  Star1.cpp
c:\aoc\adventofcode\15\star1\star1.cpp(156): warning C4018: '>': signed/unsigned mismatch
c:\aoc\adventofcode\15\star1\star1.cpp(158): warning C4244: 'argument': conversion from '_Ty' to 'long', possible loss of data
          with
          [
              _Ty=__int64
          ]
c:\aoc\adventofcode\15\star1\star1.cpp(160): warning C4018: '>': signed/unsigned mismatch
c:\aoc\adventofcode\15\star1\star1.cpp(162): warning C4244: 'argument': conversion from '_Ty' to 'long', possible loss of data
          with
          [
              _Ty=__int64
          ]
c:\aoc\adventofcode\15\star1\star1.cpp(169): warning C4018: '>': signed/unsigned mismatch
c:\aoc\adventofcode\15\star1\star1.cpp(171): warning C4244: 'argument': conversion from '_Ty' to 'long', possible loss of data
          with
          [
              _Ty=__int64
          ]
c:\aoc\adventofcode\15\star1\star1.cpp(173): warning C4018: '>': signed/unsigned mismatch
c:\aoc\adventofcode\15\star1\star1.cpp(175): warning C4244: 'argument': conversion from '_Ty' to 'long', possible loss of data
          with
          [
              _Ty=__int64
          ]
c:\aoc\adventofcode\15\star1\star1.cpp(182): warning C4018: '>': signed/unsigned mismatch
c:\aoc\adventofcode\15\star1\star1.cpp(184): warning C4244: 'argument': conversion from '_Ty' to 'long', possible loss of data
          with
          [
              _Ty=__int64
          ]
c:\aoc\adventofcode\15\star1\star1.cpp(186): warning C4018: '>': signed/unsigned mismatch
c:\aoc\adventofcode\15\star1\star1.cpp(188): warning C4244: 'argument': conversion from '_Ty' to 'long', possible loss of data
          with
          [
              _Ty=__int64
          ]
c:\aoc\adventofcode\15\star1\star1.cpp(242): warning C4244: '=': conversion from '_Ty' to 'long', possible loss of data
          with
          [
              _Ty=__int64
          ]
c:\aoc\adventofcode\15\star1\star1.cpp(250): warning C4244: '=': conversion from '_Ty' to 'long', possible loss of data
          with
          [
              _Ty=__int64
          ]
c:\aoc\adventofcode\15\star1\star1.cpp(320): warning C4244: '+=': conversion from '_Ty' to 'long', possible loss of data
          with
          [
              _Ty=__int64
          ]
c:\aoc\adventofcode\15\star1\star1.cpp(334): warning C4018: '>': signed/unsigned mismatch
c:\aoc\adventofcode\15\star1\star1.cpp(336): warning C4244: 'argument': conversion from '_Ty' to 'long', possible loss of data
          with
          [
              _Ty=__int64
          ]
c:\aoc\adventofcode\15\star1\star1.cpp(338): warning C4018: '>': signed/unsigned mismatch
c:\aoc\adventofcode\15\star1\star1.cpp(340): warning C4244: 'argument': conversion from '_Ty' to 'long', possible loss of data
          with
          [
              _Ty=__int64
          ]
c:\aoc\adventofcode\15\star1\star1.cpp(347): warning C4018: '>': signed/unsigned mismatch
c:\aoc\adventofcode\15\star1\star1.cpp(349): warning C4244: 'argument': conversion from '_Ty' to 'long', possible loss of data
          with
          [
              _Ty=__int64
          ]
c:\aoc\adventofcode\15\star1\star1.cpp(351): warning C4018: '>': signed/unsigned mismatch
c:\aoc\adventofcode\15\star1\star1.cpp(353): warning C4244: 'argument': conversion from '_Ty' to 'long', possible loss of data
          with
          [
              _Ty=__int64
          ]
c:\aoc\adventofcode\15\star1\star1.cpp(360): warning C4018: '>': signed/unsigned mismatch
c:\aoc\adventofcode\15\star1\star1.cpp(362): warning C4244: 'argument': conversion from '_Ty' to 'long', possible loss of data
          with
          [
              _Ty=__int64
          ]
c:\aoc\adventofcode\15\star1\star1.cpp(364): warning C4018: '>': signed/unsigned mismatch
c:\aoc\adventofcode\15\star1\star1.cpp(366): warning C4244: 'argument': conversion from '_Ty' to 'long', possible loss of data
          with
          [
              _Ty=__int64
          ]
  Star1.vcxproj -> C:\AoC\AdventOfCode\15\Star1\x64\Debug\Star1.exe
