  Star1.cpp
C:\Users\user\source\repos\AoC\Star1.cpp(54,11): warning C4477: 'printf' : format string '%c' requires an argument of type 'int', but variadic argument 1 has type '_Ty'
C:\Users\user\source\repos\AoC\Star1.cpp(54,11): warning C4477:         with
C:\Users\user\source\repos\AoC\Star1.cpp(54,11): warning C4477:         [
C:\Users\user\source\repos\AoC\Star1.cpp(54,11): warning C4477:             _Ty=__int64
C:\Users\user\source\repos\AoC\Star1.cpp(54,11): warning C4477:         ]
C:\Users\user\source\repos\AoC\Star1.cpp(70,41): warning C4244: 'argument': conversion from '_Ty' to 'long', possible loss of data
C:\Users\user\source\repos\AoC\Star1.cpp(70,41): warning C4244:         with
C:\Users\user\source\repos\AoC\Star1.cpp(70,41): warning C4244:         [
C:\Users\user\source\repos\AoC\Star1.cpp(70,41): warning C4244:             _Ty=__int64
C:\Users\user\source\repos\AoC\Star1.cpp(70,41): warning C4244:         ]
C:\Users\user\source\repos\AoC\Star1.cpp(74,40): warning C4244: 'argument': conversion from '_Ty' to 'long', possible loss of data
C:\Users\user\source\repos\AoC\Star1.cpp(74,40): warning C4244:         with
C:\Users\user\source\repos\AoC\Star1.cpp(74,40): warning C4244:         [
C:\Users\user\source\repos\AoC\Star1.cpp(74,40): warning C4244:             _Ty=__int64
C:\Users\user\source\repos\AoC\Star1.cpp(74,40): warning C4244:         ]
C:\Users\user\source\repos\AoC\Star1.cpp(76,44): warning C4018: '>': signed/unsigned mismatch
C:\Users\user\source\repos\AoC\Star1.cpp(83,41): warning C4244: 'argument': conversion from '_Ty' to 'long', possible loss of data
C:\Users\user\source\repos\AoC\Star1.cpp(83,41): warning C4244:         with
C:\Users\user\source\repos\AoC\Star1.cpp(83,41): warning C4244:         [
C:\Users\user\source\repos\AoC\Star1.cpp(83,41): warning C4244:             _Ty=__int64
C:\Users\user\source\repos\AoC\Star1.cpp(83,41): warning C4244:         ]
C:\Users\user\source\repos\AoC\Star1.cpp(87,40): warning C4244: 'argument': conversion from '_Ty' to 'long', possible loss of data
C:\Users\user\source\repos\AoC\Star1.cpp(87,40): warning C4244:         with
C:\Users\user\source\repos\AoC\Star1.cpp(87,40): warning C4244:         [
C:\Users\user\source\repos\AoC\Star1.cpp(87,40): warning C4244:             _Ty=__int64
C:\Users\user\source\repos\AoC\Star1.cpp(87,40): warning C4244:         ]
C:\Users\user\source\repos\AoC\Star1.cpp(89,45): warning C4018: '>': signed/unsigned mismatch
C:\Users\user\source\repos\AoC\Star1.cpp(96,41): warning C4244: 'argument': conversion from '_Ty' to 'long', possible loss of data
C:\Users\user\source\repos\AoC\Star1.cpp(96,41): warning C4244:         with
C:\Users\user\source\repos\AoC\Star1.cpp(96,41): warning C4244:         [
C:\Users\user\source\repos\AoC\Star1.cpp(96,41): warning C4244:             _Ty=__int64
C:\Users\user\source\repos\AoC\Star1.cpp(96,41): warning C4244:         ]
C:\Users\user\source\repos\AoC\Star1.cpp(100,40): warning C4244: 'argument': conversion from '_Ty' to 'long', possible loss of data
C:\Users\user\source\repos\AoC\Star1.cpp(100,40): warning C4244:         with
C:\Users\user\source\repos\AoC\Star1.cpp(100,40): warning C4244:         [
C:\Users\user\source\repos\AoC\Star1.cpp(100,40): warning C4244:             _Ty=__int64
C:\Users\user\source\repos\AoC\Star1.cpp(100,40): warning C4244:         ]
C:\Users\user\source\repos\AoC\Star1.cpp(102,44): warning C4018: '>': signed/unsigned mismatch
C:\Users\user\source\repos\AoC\Star1.cpp(114,28): warning C4244: 'argument': conversion from '_Ty' to 'const unsigned int', possible loss of data
C:\Users\user\source\repos\AoC\Star1.cpp(114,28): warning C4244:         with
C:\Users\user\source\repos\AoC\Star1.cpp(114,28): warning C4244:         [
C:\Users\user\source\repos\AoC\Star1.cpp(114,28): warning C4244:             _Ty=__int64
C:\Users\user\source\repos\AoC\Star1.cpp(114,28): warning C4244:         ]
C:\Users\user\source\repos\AoC\Star1.cpp(114,127): warning C4244: 'argument': conversion from '_Ty' to 'const unsigned int', possible loss of data
C:\Users\user\source\repos\AoC\Star1.cpp(114,127): warning C4244:         with
C:\Users\user\source\repos\AoC\Star1.cpp(114,127): warning C4244:         [
C:\Users\user\source\repos\AoC\Star1.cpp(114,127): warning C4244:             _Ty=__int64
C:\Users\user\source\repos\AoC\Star1.cpp(114,127): warning C4244:         ]
C:\Users\user\source\repos\AoC\Star1.cpp(114,154): warning C4244: 'argument': conversion from '_Ty' to 'const unsigned int', possible loss of data
C:\Users\user\source\repos\AoC\Star1.cpp(114,154): warning C4244:         with
C:\Users\user\source\repos\AoC\Star1.cpp(114,154): warning C4244:         [
C:\Users\user\source\repos\AoC\Star1.cpp(114,154): warning C4244:             _Ty=__int64
C:\Users\user\source\repos\AoC\Star1.cpp(114,154): warning C4244:         ]
C:\Users\user\source\repos\AoC\Star1.cpp(114,272): warning C4244: 'argument': conversion from '_Ty' to 'const unsigned int', possible loss of data
C:\Users\user\source\repos\AoC\Star1.cpp(114,272): warning C4244:         with
C:\Users\user\source\repos\AoC\Star1.cpp(114,272): warning C4244:         [
C:\Users\user\source\repos\AoC\Star1.cpp(114,272): warning C4244:             _Ty=__int64
C:\Users\user\source\repos\AoC\Star1.cpp(114,272): warning C4244:         ]
C:\Users\user\source\repos\AoC\Star1.cpp(114,299): warning C4244: 'argument': conversion from '_Ty' to 'const unsigned int', possible loss of data
C:\Users\user\source\repos\AoC\Star1.cpp(114,299): warning C4244:         with
C:\Users\user\source\repos\AoC\Star1.cpp(114,299): warning C4244:         [
C:\Users\user\source\repos\AoC\Star1.cpp(114,299): warning C4244:             _Ty=__int64
C:\Users\user\source\repos\AoC\Star1.cpp(114,299): warning C4244:         ]
C:\Users\user\source\repos\AoC\Star1.cpp(120,27): warning C4244: 'argument': conversion from '_Ty' to 'const unsigned int', possible loss of data
C:\Users\user\source\repos\AoC\Star1.cpp(120,27): warning C4244:         with
C:\Users\user\source\repos\AoC\Star1.cpp(120,27): warning C4244:         [
C:\Users\user\source\repos\AoC\Star1.cpp(120,27): warning C4244:             _Ty=__int64
C:\Users\user\source\repos\AoC\Star1.cpp(120,27): warning C4244:         ]
C:\Users\user\source\repos\AoC\Star1.cpp(120,142): warning C4244: 'argument': conversion from '_Ty' to 'const unsigned int', possible loss of data
C:\Users\user\source\repos\AoC\Star1.cpp(120,142): warning C4244:         with
C:\Users\user\source\repos\AoC\Star1.cpp(120,142): warning C4244:         [
C:\Users\user\source\repos\AoC\Star1.cpp(120,142): warning C4244:             _Ty=__int64
C:\Users\user\source\repos\AoC\Star1.cpp(120,142): warning C4244:         ]
C:\Users\user\source\repos\AoC\Star1.cpp(120,169): warning C4244: 'argument': conversion from '_Ty' to 'const unsigned int', possible loss of data
C:\Users\user\source\repos\AoC\Star1.cpp(120,169): warning C4244:         with
C:\Users\user\source\repos\AoC\Star1.cpp(120,169): warning C4244:         [
C:\Users\user\source\repos\AoC\Star1.cpp(120,169): warning C4244:             _Ty=__int64
C:\Users\user\source\repos\AoC\Star1.cpp(120,169): warning C4244:         ]
C:\Users\user\source\repos\AoC\Star1.cpp(120,287): warning C4244: 'argument': conversion from '_Ty' to 'const unsigned int', possible loss of data
C:\Users\user\source\repos\AoC\Star1.cpp(120,287): warning C4244:         with
C:\Users\user\source\repos\AoC\Star1.cpp(120,287): warning C4244:         [
C:\Users\user\source\repos\AoC\Star1.cpp(120,287): warning C4244:             _Ty=__int64
C:\Users\user\source\repos\AoC\Star1.cpp(120,287): warning C4244:         ]
C:\Users\user\source\repos\AoC\Star1.cpp(120,314): warning C4244: 'argument': conversion from '_Ty' to 'const unsigned int', possible loss of data
C:\Users\user\source\repos\AoC\Star1.cpp(120,314): warning C4244:         with
C:\Users\user\source\repos\AoC\Star1.cpp(120,314): warning C4244:         [
C:\Users\user\source\repos\AoC\Star1.cpp(120,314): warning C4244:             _Ty=__int64
C:\Users\user\source\repos\AoC\Star1.cpp(120,314): warning C4244:         ]
C:\Users\user\source\repos\AoC\Star1.cpp(128,28): warning C4244: 'argument': conversion from '_Ty' to 'const unsigned int', possible loss of data
C:\Users\user\source\repos\AoC\Star1.cpp(128,28): warning C4244:         with
C:\Users\user\source\repos\AoC\Star1.cpp(128,28): warning C4244:         [
C:\Users\user\source\repos\AoC\Star1.cpp(128,28): warning C4244:             _Ty=__int64
C:\Users\user\source\repos\AoC\Star1.cpp(128,28): warning C4244:         ]
C:\Users\user\source\repos\AoC\Star1.cpp(128,127): warning C4244: 'argument': conversion from '_Ty' to 'const unsigned int', possible loss of data
C:\Users\user\source\repos\AoC\Star1.cpp(128,127): warning C4244:         with
C:\Users\user\source\repos\AoC\Star1.cpp(128,127): warning C4244:         [
C:\Users\user\source\repos\AoC\Star1.cpp(128,127): warning C4244:             _Ty=__int64
C:\Users\user\source\repos\AoC\Star1.cpp(128,127): warning C4244:         ]
C:\Users\user\source\repos\AoC\Star1.cpp(128,154): warning C4244: 'argument': conversion from '_Ty' to 'const unsigned int', possible loss of data
C:\Users\user\source\repos\AoC\Star1.cpp(128,154): warning C4244:         with
C:\Users\user\source\repos\AoC\Star1.cpp(128,154): warning C4244:         [
C:\Users\user\source\repos\AoC\Star1.cpp(128,154): warning C4244:             _Ty=__int64
C:\Users\user\source\repos\AoC\Star1.cpp(128,154): warning C4244:         ]
C:\Users\user\source\repos\AoC\Star1.cpp(128,272): warning C4244: 'argument': conversion from '_Ty' to 'const unsigned int', possible loss of data
C:\Users\user\source\repos\AoC\Star1.cpp(128,272): warning C4244:         with
C:\Users\user\source\repos\AoC\Star1.cpp(128,272): warning C4244:         [
C:\Users\user\source\repos\AoC\Star1.cpp(128,272): warning C4244:             _Ty=__int64
C:\Users\user\source\repos\AoC\Star1.cpp(128,272): warning C4244:         ]
C:\Users\user\source\repos\AoC\Star1.cpp(128,299): warning C4244: 'argument': conversion from '_Ty' to 'const unsigned int', possible loss of data
C:\Users\user\source\repos\AoC\Star1.cpp(128,299): warning C4244:         with
C:\Users\user\source\repos\AoC\Star1.cpp(128,299): warning C4244:         [
C:\Users\user\source\repos\AoC\Star1.cpp(128,299): warning C4244:             _Ty=__int64
C:\Users\user\source\repos\AoC\Star1.cpp(128,299): warning C4244:         ]
C:\Users\user\source\repos\AoC\Star1.cpp(134,27): warning C4244: 'argument': conversion from '_Ty' to 'const unsigned int', possible loss of data
C:\Users\user\source\repos\AoC\Star1.cpp(134,27): warning C4244:         with
C:\Users\user\source\repos\AoC\Star1.cpp(134,27): warning C4244:         [
C:\Users\user\source\repos\AoC\Star1.cpp(134,27): warning C4244:             _Ty=__int64
C:\Users\user\source\repos\AoC\Star1.cpp(134,27): warning C4244:         ]
C:\Users\user\source\repos\AoC\Star1.cpp(134,142): warning C4244: 'argument': conversion from '_Ty' to 'const unsigned int', possible loss of data
C:\Users\user\source\repos\AoC\Star1.cpp(134,142): warning C4244:         with
C:\Users\user\source\repos\AoC\Star1.cpp(134,142): warning C4244:         [
C:\Users\user\source\repos\AoC\Star1.cpp(134,142): warning C4244:             _Ty=__int64
C:\Users\user\source\repos\AoC\Star1.cpp(134,142): warning C4244:         ]
C:\Users\user\source\repos\AoC\Star1.cpp(134,169): warning C4244: 'argument': conversion from '_Ty' to 'const unsigned int', possible loss of data
C:\Users\user\source\repos\AoC\Star1.cpp(134,169): warning C4244:         with
C:\Users\user\source\repos\AoC\Star1.cpp(134,169): warning C4244:         [
C:\Users\user\source\repos\AoC\Star1.cpp(134,169): warning C4244:             _Ty=__int64
C:\Users\user\source\repos\AoC\Star1.cpp(134,169): warning C4244:         ]
C:\Users\user\source\repos\AoC\Star1.cpp(134,287): warning C4244: 'argument': conversion from '_Ty' to 'const unsigned int', possible loss of data
C:\Users\user\source\repos\AoC\Star1.cpp(134,287): warning C4244:         with
C:\Users\user\source\repos\AoC\Star1.cpp(134,287): warning C4244:         [
C:\Users\user\source\repos\AoC\Star1.cpp(134,287): warning C4244:             _Ty=__int64
C:\Users\user\source\repos\AoC\Star1.cpp(134,287): warning C4244:         ]
C:\Users\user\source\repos\AoC\Star1.cpp(134,314): warning C4244: 'argument': conversion from '_Ty' to 'const unsigned int', possible loss of data
C:\Users\user\source\repos\AoC\Star1.cpp(134,314): warning C4244:         with
C:\Users\user\source\repos\AoC\Star1.cpp(134,314): warning C4244:         [
C:\Users\user\source\repos\AoC\Star1.cpp(134,314): warning C4244:             _Ty=__int64
C:\Users\user\source\repos\AoC\Star1.cpp(134,314): warning C4244:         ]
C:\Users\user\source\repos\AoC\Star1.cpp(140,98): warning C4244: 'argument': conversion from '_Ty' to 'const unsigned int', possible loss of data
C:\Users\user\source\repos\AoC\Star1.cpp(140,98): warning C4244:         with
C:\Users\user\source\repos\AoC\Star1.cpp(140,98): warning C4244:         [
C:\Users\user\source\repos\AoC\Star1.cpp(140,98): warning C4244:             _Ty=__int64
C:\Users\user\source\repos\AoC\Star1.cpp(140,98): warning C4244:         ]
C:\Users\user\source\repos\AoC\Star1.cpp(140,125): warning C4244: 'argument': conversion from '_Ty' to 'const unsigned int', possible loss of data
C:\Users\user\source\repos\AoC\Star1.cpp(140,125): warning C4244:         with
C:\Users\user\source\repos\AoC\Star1.cpp(140,125): warning C4244:         [
C:\Users\user\source\repos\AoC\Star1.cpp(140,125): warning C4244:             _Ty=__int64
C:\Users\user\source\repos\AoC\Star1.cpp(140,125): warning C4244:         ]
C:\Users\user\source\repos\AoC\Star1.cpp(146,121): warning C4244: 'argument': conversion from '_Ty' to 'const unsigned int', possible loss of data
C:\Users\user\source\repos\AoC\Star1.cpp(146,121): warning C4244:         with
C:\Users\user\source\repos\AoC\Star1.cpp(146,121): warning C4244:         [
C:\Users\user\source\repos\AoC\Star1.cpp(146,121): warning C4244:             _Ty=__int64
C:\Users\user\source\repos\AoC\Star1.cpp(146,121): warning C4244:         ]
C:\Users\user\source\repos\AoC\Star1.cpp(146,148): warning C4244: 'argument': conversion from '_Ty' to 'const unsigned int', possible loss of data
C:\Users\user\source\repos\AoC\Star1.cpp(146,148): warning C4244:         with
C:\Users\user\source\repos\AoC\Star1.cpp(146,148): warning C4244:         [
C:\Users\user\source\repos\AoC\Star1.cpp(146,148): warning C4244:             _Ty=__int64
C:\Users\user\source\repos\AoC\Star1.cpp(146,148): warning C4244:         ]
C:\Users\user\source\repos\AoC\Star1.cpp(150,102): warning C4244: 'argument': conversion from '_Ty' to 'const unsigned int', possible loss of data
C:\Users\user\source\repos\AoC\Star1.cpp(150,102): warning C4244:         with
C:\Users\user\source\repos\AoC\Star1.cpp(150,102): warning C4244:         [
C:\Users\user\source\repos\AoC\Star1.cpp(150,102): warning C4244:             _Ty=__int64
C:\Users\user\source\repos\AoC\Star1.cpp(150,102): warning C4244:         ]
C:\Users\user\source\repos\AoC\Star1.cpp(150,129): warning C4244: 'argument': conversion from '_Ty' to 'const unsigned int', possible loss of data
C:\Users\user\source\repos\AoC\Star1.cpp(150,129): warning C4244:         with
C:\Users\user\source\repos\AoC\Star1.cpp(150,129): warning C4244:         [
C:\Users\user\source\repos\AoC\Star1.cpp(150,129): warning C4244:             _Ty=__int64
C:\Users\user\source\repos\AoC\Star1.cpp(150,129): warning C4244:         ]
C:\Users\user\source\repos\AoC\Star1.cpp(152,105): warning C4244: 'argument': conversion from '_Ty' to 'const unsigned int', possible loss of data
C:\Users\user\source\repos\AoC\Star1.cpp(152,105): warning C4244:         with
C:\Users\user\source\repos\AoC\Star1.cpp(152,105): warning C4244:         [
C:\Users\user\source\repos\AoC\Star1.cpp(152,105): warning C4244:             _Ty=__int64
C:\Users\user\source\repos\AoC\Star1.cpp(152,105): warning C4244:         ]
C:\Users\user\source\repos\AoC\Star1.cpp(152,132): warning C4244: 'argument': conversion from '_Ty' to 'const unsigned int', possible loss of data
C:\Users\user\source\repos\AoC\Star1.cpp(152,132): warning C4244:         with
C:\Users\user\source\repos\AoC\Star1.cpp(152,132): warning C4244:         [
C:\Users\user\source\repos\AoC\Star1.cpp(152,132): warning C4244:             _Ty=__int64
C:\Users\user\source\repos\AoC\Star1.cpp(152,132): warning C4244:         ]
C:\Users\user\source\repos\AoC\Star1.cpp(152,30): warning C4244: '=': conversion from '_Ty' to 'long', possible loss of data
C:\Users\user\source\repos\AoC\Star1.cpp(152,30): warning C4244:         with
C:\Users\user\source\repos\AoC\Star1.cpp(152,30): warning C4244:         [
C:\Users\user\source\repos\AoC\Star1.cpp(152,30): warning C4244:             _Ty=__int64
C:\Users\user\source\repos\AoC\Star1.cpp(152,30): warning C4244:         ]
C:\Users\user\source\repos\AoC\Star1.cpp(158,102): warning C4244: 'argument': conversion from '_Ty' to 'const unsigned int', possible loss of data
C:\Users\user\source\repos\AoC\Star1.cpp(158,102): warning C4244:         with
C:\Users\user\source\repos\AoC\Star1.cpp(158,102): warning C4244:         [
C:\Users\user\source\repos\AoC\Star1.cpp(158,102): warning C4244:             _Ty=__int64
C:\Users\user\source\repos\AoC\Star1.cpp(158,102): warning C4244:         ]
C:\Users\user\source\repos\AoC\Star1.cpp(158,129): warning C4244: 'argument': conversion from '_Ty' to 'const unsigned int', possible loss of data
C:\Users\user\source\repos\AoC\Star1.cpp(158,129): warning C4244:         with
C:\Users\user\source\repos\AoC\Star1.cpp(158,129): warning C4244:         [
C:\Users\user\source\repos\AoC\Star1.cpp(158,129): warning C4244:             _Ty=__int64
C:\Users\user\source\repos\AoC\Star1.cpp(158,129): warning C4244:         ]
C:\Users\user\source\repos\AoC\Star1.cpp(160,105): warning C4244: 'argument': conversion from '_Ty' to 'const unsigned int', possible loss of data
C:\Users\user\source\repos\AoC\Star1.cpp(160,105): warning C4244:         with
C:\Users\user\source\repos\AoC\Star1.cpp(160,105): warning C4244:         [
C:\Users\user\source\repos\AoC\Star1.cpp(160,105): warning C4244:             _Ty=__int64
C:\Users\user\source\repos\AoC\Star1.cpp(160,105): warning C4244:         ]
C:\Users\user\source\repos\AoC\Star1.cpp(160,132): warning C4244: 'argument': conversion from '_Ty' to 'const unsigned int', possible loss of data
C:\Users\user\source\repos\AoC\Star1.cpp(160,132): warning C4244:         with
C:\Users\user\source\repos\AoC\Star1.cpp(160,132): warning C4244:         [
C:\Users\user\source\repos\AoC\Star1.cpp(160,132): warning C4244:             _Ty=__int64
C:\Users\user\source\repos\AoC\Star1.cpp(160,132): warning C4244:         ]
C:\Users\user\source\repos\AoC\Star1.cpp(160,30): warning C4244: '=': conversion from '_Ty' to 'long', possible loss of data
C:\Users\user\source\repos\AoC\Star1.cpp(160,30): warning C4244:         with
C:\Users\user\source\repos\AoC\Star1.cpp(160,30): warning C4244:         [
C:\Users\user\source\repos\AoC\Star1.cpp(160,30): warning C4244:             _Ty=__int64
C:\Users\user\source\repos\AoC\Star1.cpp(160,30): warning C4244:         ]
C:\Users\user\source\repos\AoC\Star1.cpp(168,103): warning C4244: 'argument': conversion from '_Ty' to 'const unsigned int', possible loss of data
C:\Users\user\source\repos\AoC\Star1.cpp(168,103): warning C4244:         with
C:\Users\user\source\repos\AoC\Star1.cpp(168,103): warning C4244:         [
C:\Users\user\source\repos\AoC\Star1.cpp(168,103): warning C4244:             _Ty=__int64
C:\Users\user\source\repos\AoC\Star1.cpp(168,103): warning C4244:         ]
C:\Users\user\source\repos\AoC\Star1.cpp(168,130): warning C4244: 'argument': conversion from '_Ty' to 'const unsigned int', possible loss of data
C:\Users\user\source\repos\AoC\Star1.cpp(168,130): warning C4244:         with
C:\Users\user\source\repos\AoC\Star1.cpp(168,130): warning C4244:         [
C:\Users\user\source\repos\AoC\Star1.cpp(168,130): warning C4244:             _Ty=__int64
C:\Users\user\source\repos\AoC\Star1.cpp(168,130): warning C4244:         ]
C:\Users\user\source\repos\AoC\Star1.cpp(168,248): warning C4244: 'argument': conversion from '_Ty' to 'const unsigned int', possible loss of data
C:\Users\user\source\repos\AoC\Star1.cpp(168,248): warning C4244:         with
C:\Users\user\source\repos\AoC\Star1.cpp(168,248): warning C4244:         [
C:\Users\user\source\repos\AoC\Star1.cpp(168,248): warning C4244:             _Ty=__int64
C:\Users\user\source\repos\AoC\Star1.cpp(168,248): warning C4244:         ]
C:\Users\user\source\repos\AoC\Star1.cpp(168,275): warning C4244: 'argument': conversion from '_Ty' to 'const unsigned int', possible loss of data
C:\Users\user\source\repos\AoC\Star1.cpp(168,275): warning C4244:         with
C:\Users\user\source\repos\AoC\Star1.cpp(168,275): warning C4244:         [
C:\Users\user\source\repos\AoC\Star1.cpp(168,275): warning C4244:             _Ty=__int64
C:\Users\user\source\repos\AoC\Star1.cpp(168,275): warning C4244:         ]
C:\Users\user\source\repos\AoC\Star1.cpp(170,29): warning C4244: 'argument': conversion from '_Ty' to 'const unsigned int', possible loss of data
C:\Users\user\source\repos\AoC\Star1.cpp(170,29): warning C4244:         with
C:\Users\user\source\repos\AoC\Star1.cpp(170,29): warning C4244:         [
C:\Users\user\source\repos\AoC\Star1.cpp(170,29): warning C4244:             _Ty=__int64
C:\Users\user\source\repos\AoC\Star1.cpp(170,29): warning C4244:         ]
C:\Users\user\source\repos\AoC\Star1.cpp(176,29): warning C4244: 'argument': conversion from '_Ty' to 'const unsigned int', possible loss of data
C:\Users\user\source\repos\AoC\Star1.cpp(176,29): warning C4244:         with
C:\Users\user\source\repos\AoC\Star1.cpp(176,29): warning C4244:         [
C:\Users\user\source\repos\AoC\Star1.cpp(176,29): warning C4244:             _Ty=__int64
C:\Users\user\source\repos\AoC\Star1.cpp(176,29): warning C4244:         ]
C:\Users\user\source\repos\AoC\Star1.cpp(183,103): warning C4244: 'argument': conversion from '_Ty' to 'const unsigned int', possible loss of data
C:\Users\user\source\repos\AoC\Star1.cpp(183,103): warning C4244:         with
C:\Users\user\source\repos\AoC\Star1.cpp(183,103): warning C4244:         [
C:\Users\user\source\repos\AoC\Star1.cpp(183,103): warning C4244:             _Ty=__int64
C:\Users\user\source\repos\AoC\Star1.cpp(183,103): warning C4244:         ]
C:\Users\user\source\repos\AoC\Star1.cpp(183,130): warning C4244: 'argument': conversion from '_Ty' to 'const unsigned int', possible loss of data
C:\Users\user\source\repos\AoC\Star1.cpp(183,130): warning C4244:         with
C:\Users\user\source\repos\AoC\Star1.cpp(183,130): warning C4244:         [
C:\Users\user\source\repos\AoC\Star1.cpp(183,130): warning C4244:             _Ty=__int64
C:\Users\user\source\repos\AoC\Star1.cpp(183,130): warning C4244:         ]
C:\Users\user\source\repos\AoC\Star1.cpp(183,248): warning C4244: 'argument': conversion from '_Ty' to 'const unsigned int', possible loss of data
C:\Users\user\source\repos\AoC\Star1.cpp(183,248): warning C4244:         with
C:\Users\user\source\repos\AoC\Star1.cpp(183,248): warning C4244:         [
C:\Users\user\source\repos\AoC\Star1.cpp(183,248): warning C4244:             _Ty=__int64
C:\Users\user\source\repos\AoC\Star1.cpp(183,248): warning C4244:         ]
C:\Users\user\source\repos\AoC\Star1.cpp(183,275): warning C4244: 'argument': conversion from '_Ty' to 'const unsigned int', possible loss of data
C:\Users\user\source\repos\AoC\Star1.cpp(183,275): warning C4244:         with
C:\Users\user\source\repos\AoC\Star1.cpp(183,275): warning C4244:         [
C:\Users\user\source\repos\AoC\Star1.cpp(183,275): warning C4244:             _Ty=__int64
C:\Users\user\source\repos\AoC\Star1.cpp(183,275): warning C4244:         ]
C:\Users\user\source\repos\AoC\Star1.cpp(185,28): warning C4244: 'argument': conversion from '_Ty' to 'const unsigned int', possible loss of data
C:\Users\user\source\repos\AoC\Star1.cpp(185,28): warning C4244:         with
C:\Users\user\source\repos\AoC\Star1.cpp(185,28): warning C4244:         [
C:\Users\user\source\repos\AoC\Star1.cpp(185,28): warning C4244:             _Ty=__int64
C:\Users\user\source\repos\AoC\Star1.cpp(185,28): warning C4244:         ]
C:\Users\user\source\repos\AoC\Star1.cpp(191,28): warning C4244: 'argument': conversion from '_Ty' to 'const unsigned int', possible loss of data
C:\Users\user\source\repos\AoC\Star1.cpp(191,28): warning C4244:         with
C:\Users\user\source\repos\AoC\Star1.cpp(191,28): warning C4244:         [
C:\Users\user\source\repos\AoC\Star1.cpp(191,28): warning C4244:             _Ty=__int64
C:\Users\user\source\repos\AoC\Star1.cpp(191,28): warning C4244:         ]
C:\Users\user\source\repos\AoC\Star1.cpp(200,103): warning C4244: 'argument': conversion from '_Ty' to 'const unsigned int', possible loss of data
C:\Users\user\source\repos\AoC\Star1.cpp(200,103): warning C4244:         with
C:\Users\user\source\repos\AoC\Star1.cpp(200,103): warning C4244:         [
C:\Users\user\source\repos\AoC\Star1.cpp(200,103): warning C4244:             _Ty=__int64
C:\Users\user\source\repos\AoC\Star1.cpp(200,103): warning C4244:         ]
C:\Users\user\source\repos\AoC\Star1.cpp(200,130): warning C4244: 'argument': conversion from '_Ty' to 'const unsigned int', possible loss of data
C:\Users\user\source\repos\AoC\Star1.cpp(200,130): warning C4244:         with
C:\Users\user\source\repos\AoC\Star1.cpp(200,130): warning C4244:         [
C:\Users\user\source\repos\AoC\Star1.cpp(200,130): warning C4244:             _Ty=__int64
C:\Users\user\source\repos\AoC\Star1.cpp(200,130): warning C4244:         ]
C:\Users\user\source\repos\AoC\Star1.cpp(200,249): warning C4244: 'argument': conversion from '_Ty' to 'const unsigned int', possible loss of data
C:\Users\user\source\repos\AoC\Star1.cpp(200,249): warning C4244:         with
C:\Users\user\source\repos\AoC\Star1.cpp(200,249): warning C4244:         [
C:\Users\user\source\repos\AoC\Star1.cpp(200,249): warning C4244:             _Ty=__int64
C:\Users\user\source\repos\AoC\Star1.cpp(200,249): warning C4244:         ]
C:\Users\user\source\repos\AoC\Star1.cpp(200,276): warning C4244: 'argument': conversion from '_Ty' to 'const unsigned int', possible loss of data
C:\Users\user\source\repos\AoC\Star1.cpp(200,276): warning C4244:         with
C:\Users\user\source\repos\AoC\Star1.cpp(200,276): warning C4244:         [
C:\Users\user\source\repos\AoC\Star1.cpp(200,276): warning C4244:             _Ty=__int64
C:\Users\user\source\repos\AoC\Star1.cpp(200,276): warning C4244:         ]
C:\Users\user\source\repos\AoC\Star1.cpp(202,29): warning C4244: 'argument': conversion from '_Ty' to 'const unsigned int', possible loss of data
C:\Users\user\source\repos\AoC\Star1.cpp(202,29): warning C4244:         with
C:\Users\user\source\repos\AoC\Star1.cpp(202,29): warning C4244:         [
C:\Users\user\source\repos\AoC\Star1.cpp(202,29): warning C4244:             _Ty=__int64
C:\Users\user\source\repos\AoC\Star1.cpp(202,29): warning C4244:         ]
C:\Users\user\source\repos\AoC\Star1.cpp(208,29): warning C4244: 'argument': conversion from '_Ty' to 'const unsigned int', possible loss of data
C:\Users\user\source\repos\AoC\Star1.cpp(208,29): warning C4244:         with
C:\Users\user\source\repos\AoC\Star1.cpp(208,29): warning C4244:         [
C:\Users\user\source\repos\AoC\Star1.cpp(208,29): warning C4244:             _Ty=__int64
C:\Users\user\source\repos\AoC\Star1.cpp(208,29): warning C4244:         ]
C:\Users\user\source\repos\AoC\Star1.cpp(215,103): warning C4244: 'argument': conversion from '_Ty' to 'const unsigned int', possible loss of data
C:\Users\user\source\repos\AoC\Star1.cpp(215,103): warning C4244:         with
C:\Users\user\source\repos\AoC\Star1.cpp(215,103): warning C4244:         [
C:\Users\user\source\repos\AoC\Star1.cpp(215,103): warning C4244:             _Ty=__int64
C:\Users\user\source\repos\AoC\Star1.cpp(215,103): warning C4244:         ]
C:\Users\user\source\repos\AoC\Star1.cpp(215,130): warning C4244: 'argument': conversion from '_Ty' to 'const unsigned int', possible loss of data
C:\Users\user\source\repos\AoC\Star1.cpp(215,130): warning C4244:         with
C:\Users\user\source\repos\AoC\Star1.cpp(215,130): warning C4244:         [
C:\Users\user\source\repos\AoC\Star1.cpp(215,130): warning C4244:             _Ty=__int64
C:\Users\user\source\repos\AoC\Star1.cpp(215,130): warning C4244:         ]
C:\Users\user\source\repos\AoC\Star1.cpp(215,249): warning C4244: 'argument': conversion from '_Ty' to 'const unsigned int', possible loss of data
C:\Users\user\source\repos\AoC\Star1.cpp(215,249): warning C4244:         with
C:\Users\user\source\repos\AoC\Star1.cpp(215,249): warning C4244:         [
C:\Users\user\source\repos\AoC\Star1.cpp(215,249): warning C4244:             _Ty=__int64
C:\Users\user\source\repos\AoC\Star1.cpp(215,249): warning C4244:         ]
C:\Users\user\source\repos\AoC\Star1.cpp(215,276): warning C4244: 'argument': conversion from '_Ty' to 'const unsigned int', possible loss of data
C:\Users\user\source\repos\AoC\Star1.cpp(215,276): warning C4244:         with
C:\Users\user\source\repos\AoC\Star1.cpp(215,276): warning C4244:         [
C:\Users\user\source\repos\AoC\Star1.cpp(215,276): warning C4244:             _Ty=__int64
C:\Users\user\source\repos\AoC\Star1.cpp(215,276): warning C4244:         ]
C:\Users\user\source\repos\AoC\Star1.cpp(217,28): warning C4244: 'argument': conversion from '_Ty' to 'const unsigned int', possible loss of data
C:\Users\user\source\repos\AoC\Star1.cpp(217,28): warning C4244:         with
C:\Users\user\source\repos\AoC\Star1.cpp(217,28): warning C4244:         [
C:\Users\user\source\repos\AoC\Star1.cpp(217,28): warning C4244:             _Ty=__int64
C:\Users\user\source\repos\AoC\Star1.cpp(217,28): warning C4244:         ]
C:\Users\user\source\repos\AoC\Star1.cpp(223,28): warning C4244: 'argument': conversion from '_Ty' to 'const unsigned int', possible loss of data
C:\Users\user\source\repos\AoC\Star1.cpp(223,28): warning C4244:         with
C:\Users\user\source\repos\AoC\Star1.cpp(223,28): warning C4244:         [
C:\Users\user\source\repos\AoC\Star1.cpp(223,28): warning C4244:             _Ty=__int64
C:\Users\user\source\repos\AoC\Star1.cpp(223,28): warning C4244:         ]
C:\Users\user\source\repos\AoC\Star1.cpp(230,114): warning C4244: 'argument': conversion from '_Ty' to 'const unsigned int', possible loss of data
C:\Users\user\source\repos\AoC\Star1.cpp(230,114): warning C4244:         with
C:\Users\user\source\repos\AoC\Star1.cpp(230,114): warning C4244:         [
C:\Users\user\source\repos\AoC\Star1.cpp(230,114): warning C4244:             _Ty=__int64
C:\Users\user\source\repos\AoC\Star1.cpp(230,114): warning C4244:         ]
C:\Users\user\source\repos\AoC\Star1.cpp(230,141): warning C4244: 'argument': conversion from '_Ty' to 'const unsigned int', possible loss of data
C:\Users\user\source\repos\AoC\Star1.cpp(230,141): warning C4244:         with
C:\Users\user\source\repos\AoC\Star1.cpp(230,141): warning C4244:         [
C:\Users\user\source\repos\AoC\Star1.cpp(230,141): warning C4244:             _Ty=__int64
C:\Users\user\source\repos\AoC\Star1.cpp(230,141): warning C4244:         ]
C:\Users\user\source\repos\AoC\Star1.cpp(230,160): warning C4244: '+=': conversion from '_Ty' to 'long', possible loss of data
C:\Users\user\source\repos\AoC\Star1.cpp(230,160): warning C4244:         with
C:\Users\user\source\repos\AoC\Star1.cpp(230,160): warning C4244:         [
C:\Users\user\source\repos\AoC\Star1.cpp(230,160): warning C4244:             _Ty=__int64
C:\Users\user\source\repos\AoC\Star1.cpp(230,160): warning C4244:         ]
C:\Users\user\source\repos\AoC\Star1.cpp(246,42): warning C4244: 'argument': conversion from '_Ty' to 'long', possible loss of data
C:\Users\user\source\repos\AoC\Star1.cpp(246,42): warning C4244:         with
C:\Users\user\source\repos\AoC\Star1.cpp(246,42): warning C4244:         [
C:\Users\user\source\repos\AoC\Star1.cpp(246,42): warning C4244:             _Ty=__int64
C:\Users\user\source\repos\AoC\Star1.cpp(246,42): warning C4244:         ]
C:\Users\user\source\repos\AoC\Star1.cpp(250,41): warning C4244: 'argument': conversion from '_Ty' to 'long', possible loss of data
C:\Users\user\source\repos\AoC\Star1.cpp(250,41): warning C4244:         with
C:\Users\user\source\repos\AoC\Star1.cpp(250,41): warning C4244:         [
C:\Users\user\source\repos\AoC\Star1.cpp(250,41): warning C4244:             _Ty=__int64
C:\Users\user\source\repos\AoC\Star1.cpp(250,41): warning C4244:         ]
C:\Users\user\source\repos\AoC\Star1.cpp(252,45): warning C4018: '>': signed/unsigned mismatch
C:\Users\user\source\repos\AoC\Star1.cpp(259,42): warning C4244: 'argument': conversion from '_Ty' to 'long', possible loss of data
C:\Users\user\source\repos\AoC\Star1.cpp(259,42): warning C4244:         with
C:\Users\user\source\repos\AoC\Star1.cpp(259,42): warning C4244:         [
C:\Users\user\source\repos\AoC\Star1.cpp(259,42): warning C4244:             _Ty=__int64
C:\Users\user\source\repos\AoC\Star1.cpp(259,42): warning C4244:         ]
C:\Users\user\source\repos\AoC\Star1.cpp(263,41): warning C4244: 'argument': conversion from '_Ty' to 'long', possible loss of data
C:\Users\user\source\repos\AoC\Star1.cpp(263,41): warning C4244:         with
C:\Users\user\source\repos\AoC\Star1.cpp(263,41): warning C4244:         [
C:\Users\user\source\repos\AoC\Star1.cpp(263,41): warning C4244:             _Ty=__int64
C:\Users\user\source\repos\AoC\Star1.cpp(263,41): warning C4244:         ]
C:\Users\user\source\repos\AoC\Star1.cpp(265,46): warning C4018: '>': signed/unsigned mismatch
C:\Users\user\source\repos\AoC\Star1.cpp(272,42): warning C4244: 'argument': conversion from '_Ty' to 'long', possible loss of data
C:\Users\user\source\repos\AoC\Star1.cpp(272,42): warning C4244:         with
C:\Users\user\source\repos\AoC\Star1.cpp(272,42): warning C4244:         [
C:\Users\user\source\repos\AoC\Star1.cpp(272,42): warning C4244:             _Ty=__int64
C:\Users\user\source\repos\AoC\Star1.cpp(272,42): warning C4244:         ]
C:\Users\user\source\repos\AoC\Star1.cpp(276,41): warning C4244: 'argument': conversion from '_Ty' to 'long', possible loss of data
C:\Users\user\source\repos\AoC\Star1.cpp(276,41): warning C4244:         with
C:\Users\user\source\repos\AoC\Star1.cpp(276,41): warning C4244:         [
C:\Users\user\source\repos\AoC\Star1.cpp(276,41): warning C4244:             _Ty=__int64
C:\Users\user\source\repos\AoC\Star1.cpp(276,41): warning C4244:         ]
C:\Users\user\source\repos\AoC\Star1.cpp(278,45): warning C4018: '>': signed/unsigned mismatch
C:\Users\user\source\repos\AoC\Star1.cpp(298,21): warning C4018: '<': signed/unsigned mismatch
  AoC.vcxproj -> C:\Users\user\source\repos\AoC\Debug\AoC.exe
