  Star1.cpp
D:\Advent of Code\23\Star1\Star1.cpp(48,42): warning C4244: 'argument': conversion from '_Ty' to 'long', possible loss of data
          with
          [
              _Ty=__int64
          ]
D:\Advent of Code\23\Star1\Star1.cpp(52,41): warning C4244: 'argument': conversion from '_Ty' to 'long', possible loss of data
          with
          [
              _Ty=__int64
          ]
D:\Advent of Code\23\Star1\Star1.cpp(54,45): warning C4018: '>': signed/unsigned mismatch
D:\Advent of Code\23\Star1\Star1.cpp(61,42): warning C4244: 'argument': conversion from '_Ty' to 'long', possible loss of data
          with
          [
              _Ty=__int64
          ]
D:\Advent of Code\23\Star1\Star1.cpp(65,41): warning C4244: 'argument': conversion from '_Ty' to 'long', possible loss of data
          with
          [
              _Ty=__int64
          ]
D:\Advent of Code\23\Star1\Star1.cpp(67,46): warning C4018: '>': signed/unsigned mismatch
D:\Advent of Code\23\Star1\Star1.cpp(74,42): warning C4244: 'argument': conversion from '_Ty' to 'long', possible loss of data
          with
          [
              _Ty=__int64
          ]
D:\Advent of Code\23\Star1\Star1.cpp(78,41): warning C4244: 'argument': conversion from '_Ty' to 'long', possible loss of data
          with
          [
              _Ty=__int64
          ]
D:\Advent of Code\23\Star1\Star1.cpp(80,45): warning C4018: '>': signed/unsigned mismatch
D:\Advent of Code\23\Star1\Star1.cpp(92,29): warning C4244: 'argument': conversion from '_Ty' to 'const unsigned int', possible loss of data
          with
          [
              _Ty=__int64
          ]
D:\Advent of Code\23\Star1\Star1.cpp(92,128): warning C4244: 'argument': conversion from '_Ty' to 'const unsigned int', possible loss of data
          with
          [
              _Ty=__int64
          ]
D:\Advent of Code\23\Star1\Star1.cpp(92,155): warning C4244: 'argument': conversion from '_Ty' to 'const unsigned int', possible loss of data
          with
          [
              _Ty=__int64
          ]
D:\Advent of Code\23\Star1\Star1.cpp(92,273): warning C4244: 'argument': conversion from '_Ty' to 'const unsigned int', possible loss of data
          with
          [
              _Ty=__int64
          ]
D:\Advent of Code\23\Star1\Star1.cpp(92,300): warning C4244: 'argument': conversion from '_Ty' to 'const unsigned int', possible loss of data
          with
          [
              _Ty=__int64
          ]
D:\Advent of Code\23\Star1\Star1.cpp(98,28): warning C4244: 'argument': conversion from '_Ty' to 'const unsigned int', possible loss of data
          with
          [
              _Ty=__int64
          ]
D:\Advent of Code\23\Star1\Star1.cpp(98,143): warning C4244: 'argument': conversion from '_Ty' to 'const unsigned int', possible loss of data
          with
          [
              _Ty=__int64
          ]
D:\Advent of Code\23\Star1\Star1.cpp(98,170): warning C4244: 'argument': conversion from '_Ty' to 'const unsigned int', possible loss of data
          with
          [
              _Ty=__int64
          ]
D:\Advent of Code\23\Star1\Star1.cpp(98,288): warning C4244: 'argument': conversion from '_Ty' to 'const unsigned int', possible loss of data
          with
          [
              _Ty=__int64
          ]
D:\Advent of Code\23\Star1\Star1.cpp(98,315): warning C4244: 'argument': conversion from '_Ty' to 'const unsigned int', possible loss of data
          with
          [
              _Ty=__int64
          ]
D:\Advent of Code\23\Star1\Star1.cpp(106,29): warning C4244: 'argument': conversion from '_Ty' to 'const unsigned int', possible loss of data
          with
          [
              _Ty=__int64
          ]
D:\Advent of Code\23\Star1\Star1.cpp(106,128): warning C4244: 'argument': conversion from '_Ty' to 'const unsigned int', possible loss of data
          with
          [
              _Ty=__int64
          ]
D:\Advent of Code\23\Star1\Star1.cpp(106,155): warning C4244: 'argument': conversion from '_Ty' to 'const unsigned int', possible loss of data
          with
          [
              _Ty=__int64
          ]
D:\Advent of Code\23\Star1\Star1.cpp(106,273): warning C4244: 'argument': conversion from '_Ty' to 'const unsigned int', possible loss of data
          with
          [
              _Ty=__int64
          ]
D:\Advent of Code\23\Star1\Star1.cpp(106,300): warning C4244: 'argument': conversion from '_Ty' to 'const unsigned int', possible loss of data
          with
          [
              _Ty=__int64
          ]
D:\Advent of Code\23\Star1\Star1.cpp(112,28): warning C4244: 'argument': conversion from '_Ty' to 'const unsigned int', possible loss of data
          with
          [
              _Ty=__int64
          ]
D:\Advent of Code\23\Star1\Star1.cpp(112,143): warning C4244: 'argument': conversion from '_Ty' to 'const unsigned int', possible loss of data
          with
          [
              _Ty=__int64
          ]
D:\Advent of Code\23\Star1\Star1.cpp(112,170): warning C4244: 'argument': conversion from '_Ty' to 'const unsigned int', possible loss of data
          with
          [
              _Ty=__int64
          ]
D:\Advent of Code\23\Star1\Star1.cpp(112,288): warning C4244: 'argument': conversion from '_Ty' to 'const unsigned int', possible loss of data
          with
          [
              _Ty=__int64
          ]
D:\Advent of Code\23\Star1\Star1.cpp(112,315): warning C4244: 'argument': conversion from '_Ty' to 'const unsigned int', possible loss of data
          with
          [
              _Ty=__int64
          ]
D:\Advent of Code\23\Star1\Star1.cpp(124,99): warning C4244: 'argument': conversion from '_Ty' to 'const unsigned int', possible loss of data
          with
          [
              _Ty=__int64
          ]
D:\Advent of Code\23\Star1\Star1.cpp(124,126): warning C4244: 'argument': conversion from '_Ty' to 'const unsigned int', possible loss of data
          with
          [
              _Ty=__int64
          ]
D:\Advent of Code\23\Star1\Star1.cpp(132,122): warning C4244: 'argument': conversion from '_Ty' to 'const unsigned int', possible loss of data
          with
          [
              _Ty=__int64
          ]
D:\Advent of Code\23\Star1\Star1.cpp(132,149): warning C4244: 'argument': conversion from '_Ty' to 'const unsigned int', possible loss of data
          with
          [
              _Ty=__int64
          ]
D:\Advent of Code\23\Star1\Star1.cpp(137,103): warning C4244: 'argument': conversion from '_Ty' to 'const unsigned int', possible loss of data
          with
          [
              _Ty=__int64
          ]
D:\Advent of Code\23\Star1\Star1.cpp(137,130): warning C4244: 'argument': conversion from '_Ty' to 'const unsigned int', possible loss of data
          with
          [
              _Ty=__int64
          ]
D:\Advent of Code\23\Star1\Star1.cpp(139,106): warning C4244: 'argument': conversion from '_Ty' to 'const unsigned int', possible loss of data
          with
          [
              _Ty=__int64
          ]
D:\Advent of Code\23\Star1\Star1.cpp(139,133): warning C4244: 'argument': conversion from '_Ty' to 'const unsigned int', possible loss of data
          with
          [
              _Ty=__int64
          ]
D:\Advent of Code\23\Star1\Star1.cpp(139,31): warning C4244: '=': conversion from '_Ty' to 'long', possible loss of data
          with
          [
              _Ty=__int64
          ]
D:\Advent of Code\23\Star1\Star1.cpp(145,103): warning C4244: 'argument': conversion from '_Ty' to 'const unsigned int', possible loss of data
          with
          [
              _Ty=__int64
          ]
D:\Advent of Code\23\Star1\Star1.cpp(145,130): warning C4244: 'argument': conversion from '_Ty' to 'const unsigned int', possible loss of data
          with
          [
              _Ty=__int64
          ]
D:\Advent of Code\23\Star1\Star1.cpp(147,106): warning C4244: 'argument': conversion from '_Ty' to 'const unsigned int', possible loss of data
          with
          [
              _Ty=__int64
          ]
D:\Advent of Code\23\Star1\Star1.cpp(147,133): warning C4244: 'argument': conversion from '_Ty' to 'const unsigned int', possible loss of data
          with
          [
              _Ty=__int64
          ]
D:\Advent of Code\23\Star1\Star1.cpp(147,31): warning C4244: '=': conversion from '_Ty' to 'long', possible loss of data
          with
          [
              _Ty=__int64
          ]
D:\Advent of Code\23\Star1\Star1.cpp(155,104): warning C4244: 'argument': conversion from '_Ty' to 'const unsigned int', possible loss of data
          with
          [
              _Ty=__int64
          ]
D:\Advent of Code\23\Star1\Star1.cpp(155,131): warning C4244: 'argument': conversion from '_Ty' to 'const unsigned int', possible loss of data
          with
          [
              _Ty=__int64
          ]
D:\Advent of Code\23\Star1\Star1.cpp(155,249): warning C4244: 'argument': conversion from '_Ty' to 'const unsigned int', possible loss of data
          with
          [
              _Ty=__int64
          ]
D:\Advent of Code\23\Star1\Star1.cpp(155,276): warning C4244: 'argument': conversion from '_Ty' to 'const unsigned int', possible loss of data
          with
          [
              _Ty=__int64
          ]
D:\Advent of Code\23\Star1\Star1.cpp(157,30): warning C4244: 'argument': conversion from '_Ty' to 'const unsigned int', possible loss of data
          with
          [
              _Ty=__int64
          ]
D:\Advent of Code\23\Star1\Star1.cpp(163,30): warning C4244: 'argument': conversion from '_Ty' to 'const unsigned int', possible loss of data
          with
          [
              _Ty=__int64
          ]
D:\Advent of Code\23\Star1\Star1.cpp(170,104): warning C4244: 'argument': conversion from '_Ty' to 'const unsigned int', possible loss of data
          with
          [
              _Ty=__int64
          ]
D:\Advent of Code\23\Star1\Star1.cpp(170,131): warning C4244: 'argument': conversion from '_Ty' to 'const unsigned int', possible loss of data
          with
          [
              _Ty=__int64
          ]
D:\Advent of Code\23\Star1\Star1.cpp(170,249): warning C4244: 'argument': conversion from '_Ty' to 'const unsigned int', possible loss of data
          with
          [
              _Ty=__int64
          ]
D:\Advent of Code\23\Star1\Star1.cpp(170,276): warning C4244: 'argument': conversion from '_Ty' to 'const unsigned int', possible loss of data
          with
          [
              _Ty=__int64
          ]
D:\Advent of Code\23\Star1\Star1.cpp(172,29): warning C4244: 'argument': conversion from '_Ty' to 'const unsigned int', possible loss of data
          with
          [
              _Ty=__int64
          ]
D:\Advent of Code\23\Star1\Star1.cpp(178,29): warning C4244: 'argument': conversion from '_Ty' to 'const unsigned int', possible loss of data
          with
          [
              _Ty=__int64
          ]
D:\Advent of Code\23\Star1\Star1.cpp(187,104): warning C4244: 'argument': conversion from '_Ty' to 'const unsigned int', possible loss of data
          with
          [
              _Ty=__int64
          ]
D:\Advent of Code\23\Star1\Star1.cpp(187,131): warning C4244: 'argument': conversion from '_Ty' to 'const unsigned int', possible loss of data
          with
          [
              _Ty=__int64
          ]
D:\Advent of Code\23\Star1\Star1.cpp(187,250): warning C4244: 'argument': conversion from '_Ty' to 'const unsigned int', possible loss of data
          with
          [
              _Ty=__int64
          ]
D:\Advent of Code\23\Star1\Star1.cpp(187,277): warning C4244: 'argument': conversion from '_Ty' to 'const unsigned int', possible loss of data
          with
          [
              _Ty=__int64
          ]
D:\Advent of Code\23\Star1\Star1.cpp(189,30): warning C4244: 'argument': conversion from '_Ty' to 'const unsigned int', possible loss of data
          with
          [
              _Ty=__int64
          ]
D:\Advent of Code\23\Star1\Star1.cpp(195,30): warning C4244: 'argument': conversion from '_Ty' to 'const unsigned int', possible loss of data
          with
          [
              _Ty=__int64
          ]
D:\Advent of Code\23\Star1\Star1.cpp(202,104): warning C4244: 'argument': conversion from '_Ty' to 'const unsigned int', possible loss of data
          with
          [
              _Ty=__int64
          ]
D:\Advent of Code\23\Star1\Star1.cpp(202,131): warning C4244: 'argument': conversion from '_Ty' to 'const unsigned int', possible loss of data
          with
          [
              _Ty=__int64
          ]
D:\Advent of Code\23\Star1\Star1.cpp(202,250): warning C4244: 'argument': conversion from '_Ty' to 'const unsigned int', possible loss of data
          with
          [
              _Ty=__int64
          ]
D:\Advent of Code\23\Star1\Star1.cpp(202,277): warning C4244: 'argument': conversion from '_Ty' to 'const unsigned int', possible loss of data
          with
          [
              _Ty=__int64
          ]
D:\Advent of Code\23\Star1\Star1.cpp(204,29): warning C4244: 'argument': conversion from '_Ty' to 'const unsigned int', possible loss of data
          with
          [
              _Ty=__int64
          ]
D:\Advent of Code\23\Star1\Star1.cpp(210,29): warning C4244: 'argument': conversion from '_Ty' to 'const unsigned int', possible loss of data
          with
          [
              _Ty=__int64
          ]
D:\Advent of Code\23\Star1\Star1.cpp(217,115): warning C4244: 'argument': conversion from '_Ty' to 'const unsigned int', possible loss of data
          with
          [
              _Ty=__int64
          ]
D:\Advent of Code\23\Star1\Star1.cpp(217,142): warning C4244: 'argument': conversion from '_Ty' to 'const unsigned int', possible loss of data
          with
          [
              _Ty=__int64
          ]
D:\Advent of Code\23\Star1\Star1.cpp(217,1): warning C4244: '+=': conversion from '_Ty' to 'long', possible loss of data
          with
          [
              _Ty=__int64
          ]
D:\Advent of Code\23\Star1\Star1.cpp(233,43): warning C4244: 'argument': conversion from '_Ty' to 'long', possible loss of data
          with
          [
              _Ty=__int64
          ]
D:\Advent of Code\23\Star1\Star1.cpp(237,42): warning C4244: 'argument': conversion from '_Ty' to 'long', possible loss of data
          with
          [
              _Ty=__int64
          ]
D:\Advent of Code\23\Star1\Star1.cpp(239,46): warning C4018: '>': signed/unsigned mismatch
D:\Advent of Code\23\Star1\Star1.cpp(246,43): warning C4244: 'argument': conversion from '_Ty' to 'long', possible loss of data
          with
          [
              _Ty=__int64
          ]
D:\Advent of Code\23\Star1\Star1.cpp(250,42): warning C4244: 'argument': conversion from '_Ty' to 'long', possible loss of data
          with
          [
              _Ty=__int64
          ]
D:\Advent of Code\23\Star1\Star1.cpp(252,47): warning C4018: '>': signed/unsigned mismatch
D:\Advent of Code\23\Star1\Star1.cpp(259,43): warning C4244: 'argument': conversion from '_Ty' to 'long', possible loss of data
          with
          [
              _Ty=__int64
          ]
D:\Advent of Code\23\Star1\Star1.cpp(263,42): warning C4244: 'argument': conversion from '_Ty' to 'long', possible loss of data
          with
          [
              _Ty=__int64
          ]
D:\Advent of Code\23\Star1\Star1.cpp(265,46): warning C4018: '>': signed/unsigned mismatch
D:\Advent of Code\23\Star1\Star1.cpp(312,21): warning C4018: '<': signed/unsigned mismatch
D:\Advent of Code\23\Star1\Star1.cpp(368,58): warning C4244: 'argument': conversion from '_Ty' to 'const unsigned int', possible loss of data
          with
          [
              _Ty=unsigned __int64
          ]
D:\Advent of Code\23\Star1\Star1.cpp(370,52): warning C4244: 'argument': conversion from '_Ty' to 'const unsigned int', possible loss of data
          with
          [
              _Ty=unsigned __int64
          ]
D:\Advent of Code\23\Star1\Star1.cpp(371,45): warning C4244: 'argument': conversion from '_Ty' to 'const unsigned int', possible loss of data
          with
          [
              _Ty=unsigned __int64
          ]
D:\Advent of Code\23\Star1\Star1.cpp(373,45): warning C4244: 'argument': conversion from '_Ty' to 'const unsigned int', possible loss of data
          with
          [
              _Ty=unsigned __int64
          ]
D:\Advent of Code\23\Star1\Star1.cpp(374,45): warning C4244: 'argument': conversion from '_Ty' to 'const unsigned int', possible loss of data
          with
          [
              _Ty=unsigned __int64
          ]
D:\Advent of Code\23\Star1\Star1.cpp(376,45): warning C4244: 'argument': conversion from '_Ty' to 'const unsigned int', possible loss of data
          with
          [
              _Ty=unsigned __int64
          ]
  Star1.vcxproj -> D:\Advent of Code\23\Star1\Debug\Star1.exe
